<?xml version="1.0" encoding="UTF-8"?>
<testsuite name="Scenario: Verify all links" time="0.007" tests="5" errors="2" skipped="2" failures="0">
  <properties>
[...]
</properties>
  <testcase name="Scenario: Verify all links" classname="Scenario: Verify all links" time="0"/>
  <testcase name="Scenario: Verify all links" classname="Scenario: Verify all links" time="0">
    <error message="timeout: Timed out receiving message from renderer: 6.444&#10;  (Session info: chrome=43.0.2357.134)&#10;  (Driver info: chromedriver=2.14.313457 (3d645c400edf2e2c500566c9aa096063e707c9cf),platform=Windows NT 6.1 SP1 x86) (WARNING: The server did not provide any stacktrace information)&#10;Command duration or timeout: 302.15 seconds&#10;Build info: version: &apos;2.45.0&apos;, revision: &apos;5017cb8e7ca8e37638dc3091b2440b90a1d8686f&apos;, time: &apos;2015-02-27 09:10:26&apos;&#10;System info: host: &apos;N4425&apos;, ip: &apos;172.23.4.124&apos;, os.name: &apos;Windows 7&apos;, os.arch: &apos;x86&apos;, os.version: &apos;6.1&apos;, java.version: &apos;1.7.0_25&apos;&#10;Session ID: 134c976b3aa711cbd2c46a0fe5763bff&#10;Driver info: org.openqa.selenium.chrome.ChromeDriver&#10;Capabilities [{platform=XP, acceptSslCerts=true, javascriptEnabled=true, browserName=chrome, chrome={userDataDir=C:\Users\ELORA~1.PAR\AppData\Local\Temp\scoped_dir57244_17812}, rotatable=false, locationContextEnabled=true, mobileEmulationEnabled=false, version=43.0.2357.134, takesHeapSnapshot=true, cssSelectorsEnabled=true, databaseEnabled=false, handlesAlerts=true, browserConnectionEnabled=false, webStorageEnabled=true, nativeEvents=true, applicationCacheEnabled=false, takesScreenshot=true}]" type="org.openqa.selenium.TimeoutException">org.openqa.selenium.TimeoutException: timeout: Timed out receiving message from renderer: 6.444
  (Session info: chrome=43.0.2357.134)
  (Driver info: chromedriver=2.14.313457 (3d645c400edf2e2c500566c9aa096063e707c9cf),platform=Windows NT 6.1 SP1 x86) (WARNING: The server did not provide any stacktrace information)
Command duration or timeout: 302.15 seconds
Build info: version: '2.45.0', revision: '5017cb8e7ca8e37638dc3091b2440b90a1d8686f', time: '2015-02-27 09:10:26'
System info: host: 'N4425', ip: '172.23.4.124', os.name: 'Windows 7', os.arch: 'x86', os.version: '6.1', java.version: '1.7.0_25'
Session ID: 134c976b3aa711cbd2c46a0fe5763bff
Driver info: org.openqa.selenium.chrome.ChromeDriver
Capabilities [{platform=XP, acceptSslCerts=true, javascriptEnabled=true, browserName=chrome, chrome={userDataDir=C:\Users\ELORA~1.PAR\AppData\Local\Temp\scoped_dir57244_17812}, rotatable=false, locationContextEnabled=true, mobileEmulationEnabled=false, version=43.0.2357.134, takesHeapSnapshot=true, cssSelectorsEnabled=true, databaseEnabled=false, handlesAlerts=true, browserConnectionEnabled=false, webStorageEnabled=true, nativeEvents=true, applicationCacheEnabled=false, takesScreenshot=true}]
	at sun.reflect.NativeConstructorAccessorImpl.newInstance0(Native Method)
	at sun.reflect.NativeConstructorAccessorImpl.newInstance(NativeConstructorAccessorImpl.java:57)
	at sun.reflect.DelegatingConstructorAccessorImpl.newInstance(DelegatingConstructorAccessorImpl.java:45)
	at java.lang.reflect.Constructor.newInstance(Constructor.java:526)
	at org.openqa.selenium.remote.ErrorHandler.createThrowable(ErrorHandler.java:204)
	at org.openqa.selenium.remote.ErrorHandler.throwIfResponseFailed(ErrorHandler.java:156)
	at org.openqa.selenium.remote.RemoteWebDriver.execute(RemoteWebDriver.java:599)
	at org.openqa.selenium.remote.RemoteWebDriver.get(RemoteWebDriver.java:304)
	at com.cucumber.learning.EbayStep.i_go_to_ebay(EbayStep.java:34)
	at ✽.Given I go to ebay website(src/test/resources/com/cucumber/learning/ebay.feature:4)
</error>
  </testcase>
  <testcase name="Given I go to ebay website" classname="Scenario: Verify all links" time="0.007">
    <error message="timeout: Timed out receiving message from renderer: 6.444&#10;  (Session info: chrome=43.0.2357.134)&#10;  (Driver info: chromedriver=2.14.313457 (3d645c400edf2e2c500566c9aa096063e707c9cf),platform=Windows NT 6.1 SP1 x86) (WARNING: The server did not provide any stacktrace information)&#10;Command duration or timeout: 302.15 seconds&#10;Build info: version: &apos;2.45.0&apos;, revision: &apos;5017cb8e7ca8e37638dc3091b2440b90a1d8686f&apos;, time: &apos;2015-02-27 09:10:26&apos;&#10;System info: host: &apos;N4425&apos;, ip: &apos;172.23.4.124&apos;, os.name: &apos;Windows 7&apos;, os.arch: &apos;x86&apos;, os.version: &apos;6.1&apos;, java.version: &apos;1.7.0_25&apos;&#10;Session ID: 134c976b3aa711cbd2c46a0fe5763bff&#10;Driver info: org.openqa.selenium.chrome.ChromeDriver&#10;Capabilities [{platform=XP, acceptSslCerts=true, javascriptEnabled=true, browserName=chrome, chrome={userDataDir=C:\Users\ELORA~1.PAR\AppData\Local\Temp\scoped_dir57244_17812}, rotatable=false, locationContextEnabled=true, mobileEmulationEnabled=false, version=43.0.2357.134, takesHeapSnapshot=true, cssSelectorsEnabled=true, databaseEnabled=false, handlesAlerts=true, browserConnectionEnabled=false, webStorageEnabled=true, nativeEvents=true, applicationCacheEnabled=false, takesScreenshot=true}]" type="org.openqa.selenium.TimeoutException">org.openqa.selenium.TimeoutException: timeout: Timed out receiving message from renderer: 6.444
  (Session info: chrome=43.0.2357.134)
  (Driver info: chromedriver=2.14.313457 (3d645c400edf2e2c500566c9aa096063e707c9cf),platform=Windows NT 6.1 SP1 x86) (WARNING: The server did not provide any stacktrace information)
Command duration or timeout: 302.15 seconds
Build info: version: '2.45.0', revision: '5017cb8e7ca8e37638dc3091b2440b90a1d8686f', time: '2015-02-27 09:10:26'
System info: host: 'N4425', ip: '172.23.4.124', os.name: 'Windows 7', os.arch: 'x86', os.version: '6.1', java.version: '1.7.0_25'
Session ID: 134c976b3aa711cbd2c46a0fe5763bff
Driver info: org.openqa.selenium.chrome.ChromeDriver
Capabilities [{platform=XP, acceptSslCerts=true, javascriptEnabled=true, browserName=chrome, chrome={userDataDir=C:\Users\ELORA~1.PAR\AppData\Local\Temp\scoped_dir57244_17812}, rotatable=false, locationContextEnabled=true, mobileEmulationEnabled=false, version=43.0.2357.134, takesHeapSnapshot=true, cssSelectorsEnabled=true, databaseEnabled=false, handlesAlerts=true, browserConnectionEnabled=false, webStorageEnabled=true, nativeEvents=true, applicationCacheEnabled=false, takesScreenshot=true}]
	at sun.reflect.NativeConstructorAccessorImpl.newInstance0(Native Method)
	at sun.reflect.NativeConstructorAccessorImpl.newInstance(NativeConstructorAccessorImpl.java:57)
	at sun.reflect.DelegatingConstructorAccessorImpl.newInstance(DelegatingConstructorAccessorImpl.java:45)
	at java.lang.reflect.Constructor.newInstance(Constructor.java:526)
	at org.openqa.selenium.remote.ErrorHandler.createThrowable(ErrorHandler.java:204)
	at org.openqa.selenium.remote.ErrorHandler.throwIfResponseFailed(ErrorHandler.java:156)
	at org.openqa.selenium.remote.RemoteWebDriver.execute(RemoteWebDriver.java:599)
	at org.openqa.selenium.remote.RemoteWebDriver.get(RemoteWebDriver.java:304)
	at com.cucumber.learning.EbayStep.i_go_to_ebay(EbayStep.java:34)
	at ✽.Given I go to ebay website(src/test/resources/com/cucumber/learning/ebay.feature:4)
</error>
  </testcase>
  <testcase name="When I search for all links" classname="Scenario: Verify all links" time="0">
    <skipped/>
  </testcase>
  <testcase name="Then I should see the below links" classname="Scenario: Verify all links" time="0">
    <skipped/>
  </testcase>
</testsuite>